Copyright 1986-2021 Xilinx, Inc. All Rights Reserved.
----------------------------------------------------------------------------------------------------------------------------------------------------------------------
| Tool Version     : Vivado v.2020.2.2 (lin64) Build 3118627 Tue Feb  9 05:13:49 MST 2021
| Date             : Wed Jun  7 13:49:30 2023
| Host             : cse169pc69 running 64-bit Ubuntu 22.04.2 LTS
| Command          : report_power -file design_1_wrapper_power_routed.rpt -pb design_1_wrapper_power_summary_routed.pb -rpx design_1_wrapper_power_routed.rpx
| Design           : design_1_wrapper
| Device           : xc7z010clg400-1
| Design State     : routed
| Grade            : commercial
| Process          : typical
| Characterization : Production
----------------------------------------------------------------------------------------------------------------------------------------------------------------------

Power Report

Table of Contents
-----------------
1. Summary
1.1 On-Chip Components
1.2 Power Supply Summary
1.3 Confidence Level
2. Settings
2.1 Environment
2.2 Clock Constraints
3. Detailed Reports
3.1 By Hierarchy

1. Summary
----------

+--------------------------+--------------+
| Total On-Chip Power (W)  | 1.816        |
| Design Power Budget (W)  | Unspecified* |
| Power Budget Margin (W)  | NA           |
| Dynamic (W)              | 1.689        |
| Device Static (W)        | 0.126        |
| Effective TJA (C/W)      | 11.5         |
| Max Ambient (C)          | 64.1         |
| Junction Temperature (C) | 45.9         |
| Confidence Level         | Low          |
| Setting File             | ---          |
| Simulation Activity File | ---          |
| Design Nets Matched      | NA           |
+--------------------------+--------------+
* Specify Design Power Budget using, set_operating_conditions -design_power_budget <value in Watts>


1.1 On-Chip Components
----------------------

+--------------------------+-----------+----------+-----------+-----------------+
| On-Chip                  | Power (W) | Used     | Available | Utilization (%) |
+--------------------------+-----------+----------+-----------+-----------------+
| Clocks                   |     0.024 |        6 |       --- |             --- |
| Slice Logic              |     0.004 |    10296 |       --- |             --- |
|   LUT as Logic           |     0.003 |     2996 |     17600 |           17.02 |
|   Register               |    <0.001 |     5769 |     35200 |           16.39 |
|   CARRY4                 |    <0.001 |      160 |      4400 |            3.64 |
|   F7/F8 Muxes            |    <0.001 |      176 |     17600 |            1.00 |
|   LUT as Shift Register  |    <0.001 |      125 |      6000 |            2.08 |
|   Others                 |     0.000 |      450 |       --- |             --- |
|   LUT as Distributed RAM |     0.000 |        2 |      6000 |            0.03 |
| Signals                  |     0.008 |     7702 |       --- |             --- |
| Block RAM                |     0.007 |        6 |        60 |           10.00 |
| MMCM                     |     0.107 |        1 |         2 |           50.00 |
| I/O                      |     0.134 |       23 |       100 |           23.00 |
| PS7                      |     1.404 |        1 |       --- |             --- |
| Static Power             |     0.126 |          |           |                 |
| Total                    |     1.815 |          |           |                 |
+--------------------------+-----------+----------+-----------+-----------------+


1.2 Power Supply Summary
------------------------

+-----------+-------------+-----------+-------------+------------+-------------+-------------+------------+
| Source    | Voltage (V) | Total (A) | Dynamic (A) | Static (A) | Powerup (A) | Budget (A)  | Margin (A) |
+-----------+-------------+-----------+-------------+------------+-------------+-------------+------------+
| Vccint    |       1.000 |     0.054 |       0.046 |      0.008 |       NA    | Unspecified | NA         |
| Vccaux    |       1.800 |     0.067 |       0.059 |      0.008 |       NA    | Unspecified | NA         |
| Vcco33    |       3.300 |     0.041 |       0.040 |      0.001 |       NA    | Unspecified | NA         |
| Vcco25    |       2.500 |     0.000 |       0.000 |      0.000 |       NA    | Unspecified | NA         |
| Vcco18    |       1.800 |     0.000 |       0.000 |      0.000 |       NA    | Unspecified | NA         |
| Vcco15    |       1.500 |     0.000 |       0.000 |      0.000 |       NA    | Unspecified | NA         |
| Vcco135   |       1.350 |     0.000 |       0.000 |      0.000 |       NA    | Unspecified | NA         |
| Vcco12    |       1.200 |     0.000 |       0.000 |      0.000 |       NA    | Unspecified | NA         |
| Vccaux_io |       1.800 |     0.000 |       0.000 |      0.000 |       NA    | Unspecified | NA         |
| Vccbram   |       1.000 |     0.001 |       0.001 |      0.001 |       NA    | Unspecified | NA         |
| MGTAVcc   |       1.000 |     0.000 |       0.000 |      0.000 |       NA    | Unspecified | NA         |
| MGTAVtt   |       1.200 |     0.000 |       0.000 |      0.000 |       NA    | Unspecified | NA         |
| MGTVccaux |       1.800 |     0.000 |       0.000 |      0.000 |       NA    | Unspecified | NA         |
| Vccpint   |       1.000 |     0.754 |       0.722 |      0.032 |       NA    | Unspecified | NA         |
| Vccpaux   |       1.800 |     0.061 |       0.051 |      0.010 |       NA    | Unspecified | NA         |
| Vccpll    |       1.800 |     0.017 |       0.014 |      0.003 |       NA    | Unspecified | NA         |
| Vcco_ddr  |       1.350 |     0.413 |       0.411 |      0.002 |       NA    | Unspecified | NA         |
| Vcco_mio0 |       3.300 |     0.003 |       0.002 |      0.001 |       NA    | Unspecified | NA         |
| Vcco_mio1 |       1.800 |     0.003 |       0.002 |      0.001 |       NA    | Unspecified | NA         |
| Vccadc    |       1.800 |     0.020 |       0.000 |      0.020 |       NA    | Unspecified | NA         |
+-----------+-------------+-----------+-------------+------------+-------------+-------------+------------+


1.3 Confidence Level
--------------------

+-----------------------------+------------+--------------------------------------------------------+------------------------------------------------------------------------------------------------------------+
| User Input Data             | Confidence | Details                                                | Action                                                                                                     |
+-----------------------------+------------+--------------------------------------------------------+------------------------------------------------------------------------------------------------------------+
| Design implementation state | High       | Design is routed                                       |                                                                                                            |
| Clock nodes activity        | High       | User specified more than 95% of clocks                 |                                                                                                            |
| I/O nodes activity          | Low        | More than 75% of inputs are missing user specification | Provide missing input activity with simulation results or by editing the "By Resource Type -> I/Os" view   |
| Internal nodes activity     | Medium     | User specified less than 25% of internal nodes         | Provide missing internal nodes activity with simulation results or by editing the "By Resource Type" views |
| Device models               | High       | Device models are Production                           |                                                                                                            |
|                             |            |                                                        |                                                                                                            |
| Overall confidence level    | Low        |                                                        |                                                                                                            |
+-----------------------------+------------+--------------------------------------------------------+------------------------------------------------------------------------------------------------------------+


2. Settings
-----------

2.1 Environment
---------------

+-----------------------+------------------------+
| Ambient Temp (C)      | 25.0                   |
| ThetaJA (C/W)         | 11.5                   |
| Airflow (LFM)         | 250                    |
| Heat Sink             | none                   |
| ThetaSA (C/W)         | 0.0                    |
| Board Selection       | medium (10"x10")       |
| # of Board Layers     | 8to11 (8 to 11 Layers) |
| Board Temperature (C) | 25.0                   |
+-----------------------+------------------------+


2.2 Clock Constraints
---------------------

+------------------------+----------------------------------------------------------------+-----------------+
| Clock                  | Domain                                                         | Constraint (ns) |
+------------------------+----------------------------------------------------------------+-----------------+
| I                      | design_1_i/hdmi/axi_dynclk_0/U0/Inst_mmcme2_drp/I              |             2.0 |
| axi_dynclk_0_PXL_CLK_O | design_1_i/hdmi/axi_dynclk_0/U0/PXL_CLK_O                      |            10.0 |
| clk_fpga_0             | design_1_i/processing_system7_0/inst/FCLK_CLK_unbuffered[0]    |            10.0 |
| mmcm_fbclk_out         | design_1_i/hdmi/axi_dynclk_0/U0/Inst_mmcme2_drp/mmcm_fbclk_out |            10.0 |
+------------------------+----------------------------------------------------------------+-----------------+


3. Detailed Reports
-------------------

3.1 By Hierarchy
----------------

+--------------------------+-----------+
| Name                     | Power (W) |
+--------------------------+-----------+
| design_1_wrapper         |     1.689 |
|   design_1_i             |     1.688 |
|     hdmi                 |     0.277 |
|       axi_dynclk_0       |     0.109 |
|       axi_vdma_0         |     0.009 |
|       rgb2dvi_0          |     0.134 |
|       v_axi4s_vid_out_0  |     0.009 |
|       v_tc_0             |     0.014 |
|     processing_system7_0 |     1.405 |
|       inst               |     1.405 |
|     ps7_0_axi_periph     |     0.005 |
|       s00_couplers       |     0.004 |
+--------------------------+-----------+


